<?xml version="1.0" encoding="UTF-8"?><testsuite errors="0" failures="1" name="page demoblaze" skipped="0" tests="4" time="46.81" timestamp="2021-07-15 11:44:22"><testcase name="register user"><failure message="Expected net.serenitybdd.screenplay.QuestionSubject@67d86804&#10;Expected: is &lt;true&gt;&#10;     but: was &lt;false&gt;" type="java.lang.AssertionError">Expected net.serenitybdd.screenplay.QuestionSubject@67d86804
Expected: is &lt;true&gt;
     but: was &lt;false&gt;</failure><system-err>Expected net.serenitybdd.screenplay.QuestionSubject@67d86804
Expected: is &lt;true&gt;
     but: was &lt;false&gt;&#13;
co.com.tcs.certification.retotuya.stepdefinitions.DemoBlazeStepDefinitions.shouldSeeTheSuccessfulRegistrationMessage(DemoBlazeStepDefinitions.java:57)&#13;
✽.should see the successful registration message(src/test/resources/features/demoblaze.feature:14)&#13;
</system-err></testcase><testcase name="authentication user"/><testcase name="add product"/><testcase name="register form"/></testsuite>